<?xml version="1.0" encoding="UTF-8"?>
<!-- Generated by org.testng.reporters.JUnitReportReporter -->
<testsuite skipped="0" hostname="DESKTOP-QS8IMHF" name="fb.tests.LoginPageTestPage" tests="1" failures="0" timestamp="15 Dec 2018 13:52:25 GMT" time="103.728" errors="0">
  <testcase name="verifyLoginFunctionality" time="103.728" classname="fb.tests.LoginPageTestPage"/>
</testsuite> <!-- fb.tests.LoginPageTestPage -->
